# JRE version: OpenJDK Runtime Environment Corretto-16.0.2.7.1 (16.0.2+7) (build 16.0.2+7)
# Java VM: OpenJDK 64-Bit Server VM Corretto-16.0.2.7.1 (16.0.2+7, mixed mode, sharing, tiered, compressed oops, compressed class ptrs, g1 gc, windows-amd64)
GC Precious Log:
 CPUs: 8 total, 8 available
 Memory: 32594M
 Large Page Support: Disabled
 NUMA Support: Disabled
 Compressed Oops: Enabled (32-bit)
 Heap Region Size: 1M
 Heap Min Capacity: 256M
 Heap Initial Capacity: 256M
 Heap Max Capacity: 512M
 Pre-touch: Disabled
 Parallel Workers: 8
 Concurrent Workers: 2
 Concurrent Refinement Workers: 8
 Periodic GC: Disabled
Heap:
 garbage-first heap   total 262144K, used 105057K [0x00000000e0000000, 0x0000000100000000)
  region size 1024K, 78 young (79872K), 20 survivors (20480K)
 Metaspace       used 52105K, committed 52672K, reserved 262144K
  class space    used 6861K, committed 7168K, reserved 212992K
GC Heap History (10 events):
Event: 1.020 GC heap before
{Heap before GC invocations=0 (full 0):
 garbage-first heap   total 262144K, used 28672K [0x00000000e0000000, 0x0000000100000000)
  region size 1024K, 23 young (23552K), 0 survivors (0K)
 Metaspace       used 3210K, committed 3328K, reserved 221184K
  class space    used 379K, committed 448K, reserved 212992K
}
Event: 1.049 GC heap after
{Heap after GC invocations=1 (full 0):
 garbage-first heap   total 262144K, used 9075K [0x00000000e0000000, 0x0000000100000000)
  region size 1024K, 3 young (3072K), 3 survivors (3072K)
 Metaspace       used 3210K, committed 3328K, reserved 221184K
  class space    used 379K, committed 448K, reserved 212992K
}
Event: 1.564 GC heap before
{Heap before GC invocations=1 (full 0):
 garbage-first heap   total 262144K, used 36723K [0x00000000e0000000, 0x0000000100000000)
  region size 1024K, 30 young (30720K), 3 survivors (3072K)
 Metaspace       used 4124K, committed 4288K, reserved 221184K
  class space    used 474K, committed 576K, reserved 212992K
}
Event: 1.566 GC heap after
{Heap after GC invocations=2 (full 0):
 garbage-first heap   total 262144K, used 11830K [0x00000000e0000000, 0x0000000100000000)
  region size 1024K, 2 young (2048K), 2 survivors (2048K)
 Metaspace       used 4124K, committed 4288K, reserved 221184K
  class space    used 474K, committed 576K, reserved 212992K
}
Event: 4.234 GC heap before
{Heap before GC invocations=2 (full 0):
 garbage-first heap   total 262144K, used 117302K [0x00000000e0000000, 0x0000000100000000)
  region size 1024K, 106 young (108544K), 2 survivors (2048K)
 Metaspace       used 21005K, committed 21248K, reserved 237568K
  class space    used 3013K, committed 3136K, reserved 212992K
}
Event: 4.241 GC heap after
{Heap after GC invocations=3 (full 0):
 garbage-first heap   total 262144K, used 20197K [0x00000000e0000000, 0x0000000100000000)
  region size 1024K, 11 young (11264K), 11 survivors (11264K)
 Metaspace       used 21005K, committed 21248K, reserved 237568K
  class space    used 3013K, committed 3136K, reserved 212992K
}
Event: 5.730 GC heap before
{Heap before GC invocations=4 (full 0):
 garbage-first heap   total 262144K, used 121573K [0x00000000e0000000, 0x0000000100000000)
  region size 1024K, 108 young (110592K), 11 survivors (11264K)
 Metaspace       used 35188K, committed 35520K, reserved 245760K
  class space    used 4654K, committed 4864K, reserved 212992K
}
Event: 5.744 GC heap after
{Heap after GC invocations=5 (full 0):
 garbage-first heap   total 262144K, used 30010K [0x00000000e0000000, 0x0000000100000000)
  region size 1024K, 19 young (19456K), 19 survivors (19456K)
 Metaspace       used 35188K, committed 35520K, reserved 245760K
  class space    used 4654K, committed 4864K, reserved 212992K
}
Event: 7.685 GC heap before
{Heap before GC invocations=6 (full 0):
 garbage-first heap   total 262144K, used 171322K [0x00000000e0000000, 0x0000000100000000)
  region size 1024K, 153 young (156672K), 19 survivors (19456K)
 Metaspace       used 46508K, committed 46976K, reserved 253952K
  class space    used 6171K, committed 6400K, reserved 212992K
}
Event: 7.700 GC heap after
{Heap after GC invocations=7 (full 0):
 garbage-first heap   total 262144K, used 46689K [0x00000000e0000000, 0x0000000100000000)
  region size 1024K, 20 young (20480K), 20 survivors (20480K)
 Metaspace       used 46508K, committed 46976K, reserved 253952K
  class space    used 6171K, committed 6400K, reserved 212992K
}

